<?xml version="1.0" encoding="UTF-8"?>
<testng-results skipped="0" failed="0" total="1" passed="1">
  <reporter-output>
  </reporter-output>
  <suite name="Default suite" duration-ms="3704" started-at="2021-08-04T10:42:01Z" finished-at="2021-08-04T10:42:04Z">
    <groups>
    </groups>
    <test name="Default test" duration-ms="3704" started-at="2021-08-04T10:42:01Z" finished-at="2021-08-04T10:42:04Z">
      <class name="gitDemoWebshop.registerDemoweb">
        <test-method status="PASS" signature="openbrowser()[pri:0, instance:gitDemoWebshop.registerDemoweb@783e6358]" name="openbrowser" is-config="true" duration-ms="2222" started-at="2021-08-04T16:11:58Z" finished-at="2021-08-04T16:12:01Z">
          <reporter-output>
          </reporter-output>
        </test-method> <!-- openbrowser -->
        <test-method status="PASS" signature="enterurl()[pri:0, instance:gitDemoWebshop.registerDemoweb@783e6358]" name="enterurl" is-config="true" duration-ms="1834" started-at="2021-08-04T16:12:01Z" finished-at="2021-08-04T16:12:03Z">
          <reporter-output>
          </reporter-output>
        </test-method> <!-- enterurl -->
        <test-method status="PASS" signature="maximizebrowser()[pri:0, instance:gitDemoWebshop.registerDemoweb@783e6358]" name="maximizebrowser" is-config="true" duration-ms="141" started-at="2021-08-04T16:12:03Z" finished-at="2021-08-04T16:12:03Z">
          <reporter-output>
          </reporter-output>
        </test-method> <!-- maximizebrowser -->
        <test-method status="PASS" signature="logintest()[pri:0, instance:gitDemoWebshop.registerDemoweb@783e6358]" name="logintest" duration-ms="1713" started-at="2021-08-04T16:12:03Z" finished-at="2021-08-04T16:12:04Z">
          <reporter-output>
          </reporter-output>
        </test-method> <!-- logintest -->
      </class> <!-- gitDemoWebshop.registerDemoweb -->
    </test> <!-- Default test -->
  </suite> <!-- Default suite -->
</testng-results>
